Determining if the pthread_create exist failed with the following output:
Change Dir: /home/hjk/zzw/serial/build/CMakeFiles/CMakeTmp

Run Build Command:"/usr/bin/make" "cmTC_96a65/fast"
make[1]: Entering directory '/home/hjk/zzw/serial/build/CMakeFiles/CMakeTmp'
/usr/bin/make -f CMakeFiles/cmTC_96a65.dir/build.make CMakeFiles/cmTC_96a65.dir/build
make[2]: Entering directory '/home/hjk/zzw/serial/build/CMakeFiles/CMakeTmp'
Building C object CMakeFiles/cmTC_96a65.dir/CheckSymbolExists.c.o
/usr/bin/cc    -o CMakeFiles/cmTC_96a65.dir/CheckSymbolExists.c.o   -c /home/hjk/zzw/serial/build/CMakeFiles/CMakeTmp/CheckSymbolExists.c
Linking C executable cmTC_96a65
/usr/bin/cmake -E cmake_link_script CMakeFiles/cmTC_96a65.dir/link.txt --verbose=1
/usr/bin/cc      -rdynamic CMakeFiles/cmTC_96a65.dir/CheckSymbolExists.c.o  -o cmTC_96a65 
CMakeFiles/cmTC_96a65.dir/CheckSymbolExists.c.o: In function `main':
CheckSymbolExists.c:(.text+0x1b): undefined reference to `pthread_create'
collect2: error: ld returned 1 exit status
CMakeFiles/cmTC_96a65.dir/build.make:97: recipe for target 'cmTC_96a65' failed
make[2]: *** [cmTC_96a65] Error 1
make[2]: Leaving directory '/home/hjk/zzw/serial/build/CMakeFiles/CMakeTmp'
Makefile:126: recipe for target 'cmTC_96a65/fast' failed
make[1]: *** [cmTC_96a65/fast] Error 2
make[1]: Leaving directory '/home/hjk/zzw/serial/build/CMakeFiles/CMakeTmp'

File /home/hjk/zzw/serial/build/CMakeFiles/CMakeTmp/CheckSymbolExists.c:
/* */
#include <pthread.h>

int main(int argc, char** argv)
{
  (void)argv;
#ifndef pthread_create
  return ((int*)(&pthread_create))[argc];
#else
  (void)argc;
  return 0;
#endif
}

Determining if the function pthread_create exists in the pthreads failed with the following output:
Change Dir: /home/hjk/zzw/serial/build/CMakeFiles/CMakeTmp

Run Build Command:"/usr/bin/make" "cmTC_25d42/fast"
make[1]: Entering directory '/home/hjk/zzw/serial/build/CMakeFiles/CMakeTmp'
/usr/bin/make -f CMakeFiles/cmTC_25d42.dir/build.make CMakeFiles/cmTC_25d42.dir/build
make[2]: Entering directory '/home/hjk/zzw/serial/build/CMakeFiles/CMakeTmp'
Building C object CMakeFiles/cmTC_25d42.dir/CheckFunctionExists.c.o
/usr/bin/cc   -DCHECK_FUNCTION_EXISTS=pthread_create   -o CMakeFiles/cmTC_25d42.dir/CheckFunctionExists.c.o   -c /usr/share/cmake-3.10/Modules/CheckFunctionExists.c
Linking C executable cmTC_25d42
/usr/bin/cmake -E cmake_link_script CMakeFiles/cmTC_25d42.dir/link.txt --verbose=1
/usr/bin/cc  -DCHECK_FUNCTION_EXISTS=pthread_create    -rdynamic CMakeFiles/cmTC_25d42.dir/CheckFunctionExists.c.o  -o cmTC_25d42 -lpthreads 
/usr/bin/ld: cannot find -lpthreads
collect2: error: ld returned 1 exit status
CMakeFiles/cmTC_25d42.dir/build.make:97: recipe for target 'cmTC_25d42' failed
make[2]: *** [cmTC_25d42] Error 1
make[2]: Leaving directory '/home/hjk/zzw/serial/build/CMakeFiles/CMakeTmp'
Makefile:126: recipe for target 'cmTC_25d42/fast' failed
make[1]: *** [cmTC_25d42/fast] Error 2
make[1]: Leaving directory '/home/hjk/zzw/serial/build/CMakeFiles/CMakeTmp'


